#
# There is insufficient memory for the Java Runtime Environment to continue.
# Native memory allocation (malloc) failed to allocate 1048576 bytes for AllocateHeap
# Possible reasons:
#   The system is out of physical RAM or swap space
#   The process is running with CompressedOops enabled, and the Java Heap may be blocking the growth of the native heap
# Possible solutions:
#   Reduce memory load on the system
#   Increase physical memory or swap space
#   Check if swap backing store is full
#   Decrease Java heap size (-Xmx/-Xms)
#   Decrease number of Java threads
#   Decrease Java thread stack sizes (-Xss)
#   Set larger code cache with -XX:ReservedCodeCacheSize=
#   JVM is running with Unscaled Compressed Oops mode in which the Java heap is
#     placed in the first 4GB address space. The Java Heap base address is the
#     maximum limit for the native heap growth. Please use -XX:HeapBaseMinAddress
#     to set the Java Heap base and to place the Java Heap above 4GB virtual address.
# This output file may be truncated or incomplete.
#
#  Out of Memory Error (allocation.cpp:44), pid=9840, tid=14256
#
# JRE version:  (19.0.1+10) (build )
# Java VM: Java HotSpot(TM) 64-Bit Server VM (19.0.1+10-21, mixed mode, sharing, tiered, compressed oops, compressed class ptrs, g1 gc, windows-amd64)
# No core dump will be written. Minidumps are not enabled by default on client versions of Windows
#

---------------  S U M M A R Y ------------

Command Line: -Dfile.encoding=UTF-8 -XX:+ShowCodeDetailsInExceptionMessages TicTacToe

Host: 11th Gen Intel(R) Core(TM) i7-1165G7 @ 2.80GHz, 8 cores, 7G,  Windows 11 , 64 bit Build 22621 (10.0.22621.963)
Time: Tue Jan  3 18:59:41 2023 Arabian Standard Time elapsed time: 0.018465 seconds (0d 0h 0m 0s)

---------------  T H R E A D  ---------------

Current thread (0x000001bb66c54420):  JavaThread "Unknown thread" [_thread_in_vm, id=14256, stack(0x00000008f2400000,0x00000008f2500000)]

Stack: [0x00000008f2400000,0x00000008f2500000]
Native frames: (J=compiled Java code, j=interpreted, Vv=VM code, C=native code)
V  [jvm.dll+0x6ee8fa]
V  [jvm.dll+0x857a1e]
V  [jvm.dll+0x85940e]
V  [jvm.dll+0x859ac3]
V  [jvm.dll+0x28291f]
V  [jvm.dll+0xc40eb]
V  [jvm.dll+0x32a2d9]
V  [jvm.dll+0x821aeb]
V  [jvm.dll+0x3c27c1]
V  [jvm.dll+0x8022f1]
V  [jvm.dll+0x44b30f]
V  [jvm.dll+0x44cc91]
C  [jli.dll+0x5287]
C  [ucrtbase.dll+0x29363]
C  [KERNEL32.DLL+0x126bd]
C  [ntdll.dll+0x5dfb8]


---------------  P R O C E S S  ---------------

Threads class SMR info:
_java_thread_list=0x00007ffa5d53d048, length=0, elements={
}

Java Threads: ( => current thread )

Other Threads:

=>0x000001bb66c54420 (exited) JavaThread "Unknown thread" [_thread_in_vm, id=14256, stack(0x00000008f2400000,0x00000008f2500000)]

Threads with active compile tasks:

VM state: not at safepoint (not fully initialized)

VM Mutex/Monitor currently owned by a thread: None

Heap address: 0x0000000000000000, size: 0 MB, Compressed Oops mode: 32-bit

CDS archive(s) mapped at: [0x0000000000000000-0x0000000000000000-0x0000000000000000), size 0, SharedBaseAddress: 0x0000000800000000, ArchiveRelocationMode: 0.
Narrow klass base: 0x0000000000000000, Narrow klass shift: 0, Narrow klass range: 0x0

GC Precious Log:
 CardTable entry size: 512
 Card Set container configuration: InlinePtr #cards 5 size 8 Array Of Cards #cards 12 size 40 Howl #buckets 4 coarsen threshold 1843 Howl Bitmap #cards 512 size 80 coarsen threshold 460 Card regions per heap region 1 cards per card region 2048

GC Heap History (0 events):
No events

Dll operation events (1 events):
Event: 0.012 Loaded shared library C:\Program Files\Java\jdk-19\bin\java.dll

Deoptimization events (0 events):
No events

Classes loaded (0 events):
No events

Classes unloaded (0 events):
No events

Classes redefined (0 events):
No events

Internal exceptions (0 events):
No events

VM Operations (0 events):
No events

Events (0 events):
No events


Dynamic libraries:
0x00007ff642590000 - 0x00007ff6425a0000 	C:\Program Files\Java\jdk-19\bin\javaw.exe
0x00007ffaa6ed0000 - 0x00007ffaa70e4000 	C:\WINDOWS\SYSTEM32\ntdll.dll
0x00007ffaa6390000 - 0x00007ffaa6453000 	C:\WINDOWS\System32\KERNEL32.DLL
0x00007ffaa4560000 - 0x00007ffaa48fd000 	C:\WINDOWS\System32\KERNELBASE.dll
0x00007ffaa4970000 - 0x00007ffaa4a81000 	C:\WINDOWS\System32\ucrtbase.dll
0x00007ffa9b0c0000 - 0x00007ffa9b0db000 	C:\Program Files\Java\jdk-19\bin\VCRUNTIME140.dll
0x00007ffa9d4c0000 - 0x00007ffa9d4d8000 	C:\Program Files\Java\jdk-19\bin\jli.dll
0x00007ffaa6cc0000 - 0x00007ffaa6d6e000 	C:\WINDOWS\System32\ADVAPI32.dll
0x00007ffaa5990000 - 0x00007ffaa5a37000 	C:\WINDOWS\System32\msvcrt.dll
0x00007ffaa5740000 - 0x00007ffaa57e4000 	C:\WINDOWS\System32\sechost.dll
0x00007ffaa6d70000 - 0x00007ffaa6e85000 	C:\WINDOWS\System32\RPCRT4.dll
0x00007ffaa6aa0000 - 0x00007ffaa6c4d000 	C:\WINDOWS\System32\USER32.dll
0x00007ffa85560000 - 0x00007ffa857ee000 	C:\WINDOWS\WinSxS\amd64_microsoft.windows.common-controls_6595b64144ccf1df_6.0.22621.608_none_a9444ca7c10bb01d\COMCTL32.dll
0x00007ffaa4390000 - 0x00007ffaa43b6000 	C:\WINDOWS\System32\win32u.dll
0x00007ffaa5ad0000 - 0x00007ffaa5af9000 	C:\WINDOWS\System32\GDI32.dll
0x00007ffaa43c0000 - 0x00007ffaa44d2000 	C:\WINDOWS\System32\gdi32full.dll
0x00007ffaa42f0000 - 0x00007ffaa438a000 	C:\WINDOWS\System32\msvcp_win.dll
0x00007ffa99710000 - 0x00007ffa9971a000 	C:\WINDOWS\SYSTEM32\VERSION.dll
0x00007ffaa6770000 - 0x00007ffaa67a2000 	C:\WINDOWS\System32\IMM32.DLL
0x00007ffa9f4a0000 - 0x00007ffa9f4ac000 	C:\Program Files\Java\jdk-19\bin\vcruntime140_1.dll
0x00007ffa71c40000 - 0x00007ffa71cce000 	C:\Program Files\Java\jdk-19\bin\msvcp140.dll
0x00007ffa5c9c0000 - 0x00007ffa5d680000 	C:\Program Files\Java\jdk-19\bin\server\jvm.dll
0x00007ffa9c660000 - 0x00007ffa9c694000 	C:\WINDOWS\SYSTEM32\WINMM.dll
0x00007ffa8c900000 - 0x00007ffa8c909000 	C:\WINDOWS\SYSTEM32\WSOCK32.dll
0x00007ffaa6310000 - 0x00007ffaa6381000 	C:\WINDOWS\System32\WS2_32.dll
0x00007ffaa3440000 - 0x00007ffaa3458000 	C:\WINDOWS\SYSTEM32\kernel.appcore.dll
0x00007ffa5c9a0000 - 0x00007ffa5c9aa000 	C:\Program Files\Java\jdk-19\bin\jimage.dll
0x00007ffaa1760000 - 0x00007ffaa198e000 	C:\WINDOWS\SYSTEM32\DBGHELP.DLL
0x00007ffaa5f80000 - 0x00007ffaa630a000 	C:\WINDOWS\System32\combase.dll
0x00007ffaa6680000 - 0x00007ffaa6757000 	C:\WINDOWS\System32\OLEAUT32.dll
0x00007ffa9b350000 - 0x00007ffa9b382000 	C:\WINDOWS\SYSTEM32\dbgcore.DLL
0x00007ffaa44e0000 - 0x00007ffaa455b000 	C:\WINDOWS\System32\bcryptPrimitives.dll
0x00007ffa5c970000 - 0x00007ffa5c996000 	C:\Program Files\Java\jdk-19\bin\java.dll

dbghelp: loaded successfully - version: 4.0.5 - missing functions: none
symbol engine: initialized successfully - sym options: 0x614 - pdb path: .;C:\Program Files\Java\jdk-19\bin;C:\WINDOWS\SYSTEM32;C:\WINDOWS\WinSxS\amd64_microsoft.windows.common-controls_6595b64144ccf1df_6.0.22621.608_none_a9444ca7c10bb01d;C:\Program Files\Java\jdk-19\bin\server

VM Arguments:
jvm_args: -Dfile.encoding=UTF-8 -XX:+ShowCodeDetailsInExceptionMessages 
java_command: TicTacToe
java_class_path (initial): C:\Users\LAP-7\Documents\workarea\TIC.TAC-TOE\src
Launcher Type: SUN_STANDARD

[Global flags]
     intx CICompilerCount                          = 4                                         {product} {ergonomic}
     uint ConcGCThreads                            = 2                                         {product} {ergonomic}
     uint G1ConcRefinementThreads                  = 8                                         {product} {ergonomic}
   size_t G1HeapRegionSize                         = 1048576                                   {product} {ergonomic}
    uintx GCDrainStackTargetSize                   = 64                                        {product} {ergonomic}
   size_t InitialHeapSize                          = 130023424                                 {product} {ergonomic}
   size_t MarkStackSize                            = 4194304                                   {product} {ergonomic}
   size_t MaxHeapSize                              = 2080374784                                {product} {ergonomic}
   size_t MinHeapDeltaBytes                        = 1048576                                   {product} {ergonomic}
   size_t MinHeapSize                              = 8388608                                   {product} {ergonomic}
    uintx NonNMethodCodeHeapSize                   = 5839372                                {pd product} {ergonomic}
    uintx NonProfiledCodeHeapSize                  = 122909434                              {pd product} {ergonomic}
    uintx ProfiledCodeHeapSize                     = 122909434                              {pd product} {ergonomic}
    uintx ReservedCodeCacheSize                    = 251658240                              {pd product} {ergonomic}
     bool SegmentedCodeCache                       = true                                      {product} {ergonomic}
     bool ShowCodeDetailsInExceptionMessages       = true                                   {manageable} {command line}
   size_t SoftMaxHeapSize                          = 2080374784                             {manageable} {ergonomic}
     bool UseCompressedClassPointers               = true                           {product lp64_product} {ergonomic}
     bool UseCompressedOops                        = true                           {product lp64_product} {ergonomic}
     bool UseG1GC                                  = true                                      {product} {ergonomic}
     bool UseLargePagesIndividualAllocation        = false                                  {pd product} {ergonomic}

Logging:
Log output configuration:
 #0: stdout all=warning uptime,level,tags foldmultilines=false
 #1: stderr all=off uptime,level,tags foldmultilines=false

Environment Variables:
JAVA_HOME=C:\Users\LAP-7\Downloads\jdk-17.0.2
PATH=C:/Program Files/Java/jdk-19/bin/server;C:/Program Files/Java/jdk-19/bin;C:\WINDOWS\system32;C:\WINDOWS;C:\WINDOWS\System32\Wbem;C:\WINDOWS\System32\WindowsPowerShell\v1.0\;C:\WINDOWS\System32\OpenSSH\;C:\Users\LAP-7\Downloads\jdk-17.0.2\bin;C:\Program Files\Git\cmd;C:\Users\LAP-7\AppData\Local\Microsoft\WindowsApps;;C:\Users\LAP-7\Desktop;
USERNAME=LAP-7
OS=Windows_NT
PROCESSOR_IDENTIFIER=Intel64 Family 6 Model 140 Stepping 1, GenuineIntel
TMP=C:\Users\LAP-7\AppData\Local\Temp
TEMP=C:\Users\LAP-7\AppData\Local\Temp



---------------  S Y S T E M  ---------------

OS:
 Windows 11 , 64 bit Build 22621 (10.0.22621.963)
OS uptime: 13 days 4:03 hours

CPU: total 8 (initial active 8) (4 cores per cpu, 2 threads per core) family 6 model 140 stepping 1 microcode 0x9a, cx8, cmov, fxsr, ht, mmx, 3dnowpref, sse, sse2, sse3, ssse3, sse4.1, sse4.2, popcnt, lzcnt, tsc, tscinvbit, avx, avx2, aes, erms, clmul, bmi1, bmi2, adx, avx512f, avx512dq, avx512cd, avx512bw, avx512vl, sha, fma, vzeroupper, avx512_vpopcntdq, avx512_vpclmulqdq, avx512_vaes, avx512_vnni, clflush, clflushopt, clwb, avx512_vbmi2, avx512_vbmi, rdtscp, rdpid, fsrm, gfni, avx512_bitalg

Memory: 4k page, system-wide physical 7934M (561M free)
TotalPageFile size 32510M (AvailPageFile size 5M)
current process WorkingSet (physical memory assigned to process): 10M, peak: 10M
current process commit charge ("private bytes"): 16M, peak: 17M

vm_info: Java HotSpot(TM) 64-Bit Server VM (19.0.1+10-21) for windows-amd64 JRE (19.0.1+10-21), built on 2022-09-14T12:45:06Z by "mach5one" with MS VC++ 17.1 (VS2022)

END.
